<?xml version="1.0" encoding="UTF-8"?>
<testng-results ignored="0" total="1" passed="1" failed="0" skipped="0">
  <reporter-output>
  </reporter-output>
  <suite started-at="2024-09-22T14:57:58 IST" name="Suite" finished-at="2024-09-22T14:58:39 IST" duration-ms="41139">
    <groups>
    </groups>
    <test started-at="2024-09-22T14:57:58 IST" name="LoginTestOnChrome" finished-at="2024-09-22T14:58:39 IST" duration-ms="41139">
      <class name="qa.LoginTest">
        <test-method is-config="true" signature="beforeMethodMethod(java.lang.String)[pri:0, instance:qa.LoginTest@58d75e99]" started-at="2024-09-22T14:57:58 IST" name="beforeMethodMethod" finished-at="2024-09-22T14:58:17 IST" duration-ms="18795" status="PASS">
          <params>
            <param index="0">
              <value>
                <![CDATA[chrome]]>
              </value>
            </param>
          </params>
          <reporter-output>
          </reporter-output>
        </test-method> <!-- beforeMethodMethod -->
        <test-method signature="enterLoginCredentials()[pri:0, instance:qa.LoginTest@58d75e99]" started-at="2024-09-22T14:58:17 IST" name="enterLoginCredentials" finished-at="2024-09-22T14:58:39 IST" duration-ms="21765" status="PASS">
          <reporter-output>
          </reporter-output>
        </test-method> <!-- enterLoginCredentials -->
        <test-method is-config="true" signature="afterMethodMethod()[pri:0, instance:qa.LoginTest@58d75e99]" started-at="2024-09-22T14:58:39 IST" name="afterMethodMethod" finished-at="2024-09-22T14:58:39 IST" duration-ms="474" status="PASS">
          <reporter-output>
          </reporter-output>
        </test-method> <!-- afterMethodMethod -->
      </class> <!-- qa.LoginTest -->
    </test> <!-- LoginTestOnChrome -->
  </suite> <!-- Suite -->
</testng-results>
